Using pre-set license
Built from '2020.3/china_unity/release' branch; Version is '2020.3.20f1c1 (256576dc9522) revision 2450806'; Using compiler version '192528614'; Build Type 'Release'
OS: 'Windows 10 Home China; OS build 19042.1288; Version 2009; 64bit' Language: 'zh' Physical Memory: 15722 MB
BatchMode: 1, IsHumanControllingUs: 0, StartBugReporterOnCrash: 0, Is64bit: 1, IsPro: 0

COMMAND LINE ARGUMENTS:
D:\unity_engine\2020.3.20f1c1\Editor\Unity.exe
-adb2
-batchMode
-noUpm
-name
AssetImportWorker0
-projectPath
C:/Users/GXLYQ_AIR/Desktop/SuDo/SuDo
-logFile
Logs/AssetImportWorker0.log
-srvPort
10014
Successfully changed project path to: C:/Users/GXLYQ_AIR/Desktop/SuDo/SuDo
C:/Users/GXLYQ_AIR/Desktop/SuDo/SuDo
Using Asset Import Pipeline V2.
AS: AutoStreaming module initializing.Refreshing native plugins compatible for Editor in 48.06 ms, found 3 plugins.
Preloading 0 native plugins for Editor in 0.00 ms.
Initialize engine version: 2020.3.20f1c1 (256576dc9522)
[Subsystems] Discovering subsystems at path D:/unity_engine/2020.3.20f1c1/Editor/Data/Resources/UnitySubsystems
[Subsystems] Discovering subsystems at path C:/Users/GXLYQ_AIR/Desktop/SuDo/SuDo/Assets
GfxDevice: creating device client; threaded=0
Direct3D:
    Version:  Direct3D 11.0 [level 11.1]
    Renderer: AMD Radeon(TM) Graphics (ID=0x164c)
    Vendor:   
    VRAM:     7861 MB
    Driver:   27.20.21030.8001
Initialize mono
Mono path[0] = 'D:/unity_engine/2020.3.20f1c1/Editor/Data/Managed'
Mono path[1] = 'D:/unity_engine/2020.3.20f1c1/Editor/Data/MonoBleedingEdge/lib/mono/unityjit'
Mono config path = 'D:/unity_engine/2020.3.20f1c1/Editor/Data/MonoBleedingEdge/etc'
Using monoOptions --debugger-agent=transport=dt_socket,embedding=1,server=y,suspend=n,address=127.0.0.1:56264
Begin MonoManager ReloadAssembly
Registering precompiled unity dll's ...
Register platform support module: D:/unity_engine/2020.3.20f1c1/Editor/Data/PlaybackEngines/WindowsStandaloneSupport/UnityEditor.WindowsStandalone.Extensions.dll
Registered in 0.001023 seconds.
Native extension for WindowsStandalone target not found
Refreshing native plugins compatible for Editor in 44.19 ms, found 3 plugins.
Preloading 0 native plugins for Editor in 0.00 ms.
Mono: successfully reloaded assembly
- Completed reload, in  1.326 seconds
Domain Reload Profiling:
	ReloadAssembly (1327ms)
		BeginReloadAssembly (71ms)
			ExecutionOrderSort (0ms)
			DisableScriptedObjects (0ms)
			BackupInstance (0ms)
			ReleaseScriptingObjects (0ms)
			CreateAndSetChildDomain (1ms)
		EndReloadAssembly (449ms)
			LoadAssemblies (70ms)
			RebuildTransferFunctionScriptingTraits (0ms)
			SetupTypeCache (141ms)
			ReleaseScriptCaches (0ms)
			RebuildScriptCaches (43ms)
			SetupLoadedEditorAssemblies (175ms)
				LogAssemblyErrors (0ms)
				InitializePlatformSupportModulesInManaged (4ms)
				SetLoadedEditorAssemblies (0ms)
				RefreshPlugins (44ms)
				BeforeProcessingInitializeOnLoad (17ms)
				ProcessInitializeOnLoadAttributes (81ms)
				ProcessInitializeOnLoadMethodAttributes (28ms)
				AfterProcessingInitializeOnLoad (0ms)
				EditorAssembliesLoaded (0ms)
			ExecutionOrderSort2 (0ms)
			AwakeInstancesAfterBackupRestoration (0ms)
Platform modules already initialized, skipping
Registering precompiled user dll's ...
Registered in 0.005073 seconds.
Begin MonoManager ReloadAssembly
Native extension for WindowsStandalone target not found
Refreshing native plugins compatible for Editor in 44.20 ms, found 3 plugins.
Preloading 0 native plugins for Editor in 0.00 ms.
Mono: successfully reloaded assembly
- Completed reload, in  1.170 seconds
Domain Reload Profiling:
	ReloadAssembly (1171ms)
		BeginReloadAssembly (153ms)
			ExecutionOrderSort (0ms)
			DisableScriptedObjects (4ms)
			BackupInstance (0ms)
			ReleaseScriptingObjects (0ms)
			CreateAndSetChildDomain (20ms)
		EndReloadAssembly (953ms)
			LoadAssemblies (114ms)
			RebuildTransferFunctionScriptingTraits (0ms)
			SetupTypeCache (288ms)
			ReleaseScriptCaches (1ms)
			RebuildScriptCaches (59ms)
			SetupLoadedEditorAssemblies (383ms)
				LogAssemblyErrors (0ms)
				InitializePlatformSupportModulesInManaged (4ms)
				SetLoadedEditorAssemblies (0ms)
				RefreshPlugins (44ms)
				BeforeProcessingInitializeOnLoad (97ms)
				ProcessInitializeOnLoadAttributes (218ms)
				ProcessInitializeOnLoadMethodAttributes (17ms)
				AfterProcessingInitializeOnLoad (2ms)
				EditorAssembliesLoaded (0ms)
			ExecutionOrderSort2 (0ms)
			AwakeInstancesAfterBackupRestoration (8ms)
Platform modules already initialized, skipping
========================================================================
Worker process is ready to serve import requests
Launched and connected shader compiler UnityShaderCompiler.exe after 0.12 seconds
Refreshing native plugins compatible for Editor in 0.49 ms, found 3 plugins.
Preloading 0 native plugins for Editor in 0.00 ms.
Unloading 2093 Unused Serialized files (Serialized files now loaded: 0)
System memory in use before: 95.6 MB.
System memory in use after: 95.7 MB.

Unloading 26 unused Assets to reduce memory usage. Loaded Objects now: 2533.
Total: 3.523300 ms (FindLiveObjects: 0.296700 ms CreateObjectMapping: 0.103000 ms MarkObjects: 3.040700 ms  DeleteObjects: 0.081200 ms)

AssetImportParameters requested are different than current active one (requested -> active):
  custom:framework-win-MediaFoundation: 216162199b28c13a410421893ffa2e32 -> 
  custom:video-decoder-ogg-theora: a1e56fd34408186e4bbccfd4996cb3dc -> 
  custom:container-muxer-webm: aa71ff27fc2769a1b78a27578f13a17b -> 
  custom:container-demuxer-webm: 4f35f7cbe854078d1ac9338744f61a02 -> 
  custom:container-demuxer-ogg: 62fdf1f143b41e24485cea50d1cbac27 -> 
  custom:video-encoder-webm-vp8: eb34c28f22e8b96e1ab97ce403110664 -> 
  custom:video-codec-MediaFoundation-h265: 746d11721c4dcdbdad8f713fa42b33f4 -> 
  custom:video-decoder-webm-vp8: 9c59270c3fd7afecdb556c50c9e8de78 -> 
  custom:audio-decoder-ogg-vorbis: bf7c407c2cedff20999df2af8eb42d56 -> 
  custom:audio-encoder-webm-vorbis: bf7c407c2cedff20999df2af8eb42d56 -> 
========================================================================
Received Import Request.
  path: Assets/Scenes/SampleScene.unity
  artifactKey: Guid(2cda990e2423bbf4892e6590ba056729) Importer(815301076,1909f56bfc062723c751e8b465ee728b)
Start importing Assets/Scenes/SampleScene.unity using Guid(2cda990e2423bbf4892e6590ba056729) Importer(815301076,1909f56bfc062723c751e8b465ee728b)  -> (artifact id: 'aa27944bdea339c97c39027c7eea529c') in 0.014051 seconds 
  Import took 0.017374 seconds .

========================================================================
Received Import Request.
  Time since last request: 2187.502136 seconds.
  path: Assets/Animation/New Folder/New Animation.anim
  artifactKey: Guid(5bf7ba0e6663bcb439833d5b2afbced0) Importer(815301076,1909f56bfc062723c751e8b465ee728b)
Start importing Assets/Animation/New Folder/New Animation.anim using Guid(5bf7ba0e6663bcb439833d5b2afbced0) Importer(815301076,1909f56bfc062723c751e8b465ee728b)  -> (artifact id: 'b55b68666ee69e22a57521f8b404e1ce') in 0.025628 seconds 
  Import took 0.032274 seconds .

========================================================================
Received Import Request.
  Time since last request: 0.786307 seconds.
  path: Assets/Animation/New Folder/冲刺前摇.controller
  artifactKey: Guid(06cb18818ea1d4c4e8f4962a79771319) Importer(815301076,1909f56bfc062723c751e8b465ee728b)
Start importing Assets/Animation/New Folder/冲刺前摇.controller using Guid(06cb18818ea1d4c4e8f4962a79771319) Importer(815301076,1909f56bfc062723c751e8b465ee728b)  -> (artifact id: 'a7f78f7b7b9a05c0b19521b1f2dc15ff') in 0.008370 seconds 
  Import took 0.012888 seconds .

========================================================================
Received Import Request.
  Time since last request: 14.687486 seconds.
  path: Assets/Animation/New Folder/冲刺过程.anim
  artifactKey: Guid(0afcffa75265f0544b429d4f1de47224) Importer(815301076,1909f56bfc062723c751e8b465ee728b)
Start importing Assets/Animation/New Folder/冲刺过程.anim using Guid(0afcffa75265f0544b429d4f1de47224) Importer(815301076,1909f56bfc062723c751e8b465ee728b)  -> (artifact id: '19276301c83c633d02250260092aa9be') in 0.003862 seconds 
  Import took 0.007278 seconds .

========================================================================
Received Import Request.
  Time since last request: 67.685258 seconds.
  path: Assets/Animation/New Folder/冲刺/冲刺前摇.png
  artifactKey: Guid(66eb03854d57a8e49a3b1fbf28f49cb7) Importer(815301076,1909f56bfc062723c751e8b465ee728b)
Start importing Assets/Animation/New Folder/冲刺/冲刺前摇.png using Guid(66eb03854d57a8e49a3b1fbf28f49cb7) Importer(815301076,1909f56bfc062723c751e8b465ee728b)  -> (artifact id: 'a0ce25ad748b4d64b78fddc894c3e0a6') in 0.095165 seconds 
  Import took 0.098644 seconds .

========================================================================
Received Import Request.
  Time since last request: 0.000389 seconds.
  path: Assets/Animation/New Folder/冲刺/冲刺后摇.png
  artifactKey: Guid(253d48e412745e342ac1f8df984f03ce) Importer(815301076,1909f56bfc062723c751e8b465ee728b)
Start importing Assets/Animation/New Folder/冲刺/冲刺后摇.png using Guid(253d48e412745e342ac1f8df984f03ce) Importer(815301076,1909f56bfc062723c751e8b465ee728b)  -> (artifact id: 'b0351c892e4e964bc6da3173772db074') in 0.020639 seconds 
  Import took 0.024740 seconds .

========================================================================
Received Import Request.
  Time since last request: 0.000510 seconds.
  path: Assets/Animation/New Folder/冲刺/冲刺攻击.png
  artifactKey: Guid(ed97bf0589151564a882f6134294d3c4) Importer(815301076,1909f56bfc062723c751e8b465ee728b)
Start importing Assets/Animation/New Folder/冲刺/冲刺攻击.png using Guid(ed97bf0589151564a882f6134294d3c4) Importer(815301076,1909f56bfc062723c751e8b465ee728b)  -> (artifact id: 'c67ab5ebcee018090bf6a257a46b9091') in 0.017848 seconds 
  Import took 0.021587 seconds .

========================================================================
Received Import Request.
  Time since last request: 0.000366 seconds.
  path: Assets/Animation/New Folder/冲刺/冲刺过程.png
  artifactKey: Guid(0ce414de471b11042ad10385c38b68b1) Importer(815301076,1909f56bfc062723c751e8b465ee728b)
Start importing Assets/Animation/New Folder/冲刺/冲刺过程.png using Guid(0ce414de471b11042ad10385c38b68b1) Importer(815301076,1909f56bfc062723c751e8b465ee728b)  -> (artifact id: 'fd966c63ab4b03c7918f29af242d612a') in 0.016961 seconds 
  Import took 0.021212 seconds .

========================================================================
Received Import Request.
  Time since last request: 0.000342 seconds.
  path: Assets/Animation/New Folder/冲刺/冲刺攻击后摇.png
  artifactKey: Guid(dfd8670ad6225004690453571ca090e3) Importer(815301076,1909f56bfc062723c751e8b465ee728b)
Start importing Assets/Animation/New Folder/冲刺/冲刺攻击后摇.png using Guid(dfd8670ad6225004690453571ca090e3) Importer(815301076,1909f56bfc062723c751e8b465ee728b)  -> (artifact id: '3a61f7cb545d908832ca92efe95ee09b') in 0.017150 seconds 
  Import took 0.021334 seconds .

AssetImportWorkerClient::OnTransportError - code=2 error=End of file
